\BOOKMARK [0][-]{section*.3}{List of Tables}{}% 1
\BOOKMARK [0][-]{section*.4}{List of Figures}{}% 2
\BOOKMARK [0][-]{chapter.1}{Introduction}{}% 3
\BOOKMARK [1][-]{section.1.1}{Background}{chapter.1}% 4
\BOOKMARK [1][-]{section.1.2}{Project Goals}{chapter.1}% 5
\BOOKMARK [1][-]{section.1.3}{Contributions}{chapter.1}% 6
\BOOKMARK [1][-]{section.1.4}{Outline}{chapter.1}% 7
\BOOKMARK [0][-]{chapter.2}{Related Work}{}% 8
\BOOKMARK [1][-]{section.2.1}{Architectures of Interaction video analysis related works}{chapter.2}% 9
\BOOKMARK [1][-]{section.2.2}{Hand-crafted Feature Descriptor}{chapter.2}% 10
\BOOKMARK [2][-]{subsection.2.2.1}{3D-SIFT Feature Descriptor}{section.2.2}% 11
\BOOKMARK [2][-]{subsection.2.2.2}{3D-HOG Feature descriptor}{section.2.2}% 12
\BOOKMARK [2][-]{subsection.2.2.3}{Improved Dense Trajectories feature descriptor}{section.2.2}% 13
\BOOKMARK [1][-]{section.2.3}{Deep Learning Based Feature Descriptor}{chapter.2}% 14
\BOOKMARK [2][-]{subsection.2.3.1}{Spatial-Temporal CNNs feature descriptor}{section.2.3}% 15
\BOOKMARK [2][-]{subsection.2.3.2}{Two-Stream ConvNet feature descriptor}{section.2.3}% 16
\BOOKMARK [2][-]{subsection.2.3.3}{3D ConvNet feature descriptor}{section.2.3}% 17
\BOOKMARK [1][-]{section.2.4}{Datasets}{chapter.2}% 18
\BOOKMARK [2][-]{subsection.2.4.1}{List of human activity video datasets}{section.2.4}% 19
\BOOKMARK [2][-]{subsection.2.4.2}{UT-Interaction dataset}{section.2.4}% 20
\BOOKMARK [0][-]{chapter.3}{Architecture}{}% 21
\BOOKMARK [1][-]{section.3.1}{Overall Framework}{chapter.3}% 22
\BOOKMARK [2][-]{subsection.3.1.1}{Interaction classification}{section.3.1}% 23
\BOOKMARK [2][-]{subsection.3.1.2}{Interaction detection}{section.3.1}% 24
\BOOKMARK [1][-]{section.3.2}{Models}{chapter.3}% 25
\BOOKMARK [2][-]{subsection.3.2.1}{Person Segmentation}{section.3.2}% 26
\BOOKMARK [2][-]{subsection.3.2.2}{Spatial detection of interacting people}{section.3.2}% 27
\BOOKMARK [2][-]{subsection.3.2.3}{Feature Descriptor}{section.3.2}% 28
\BOOKMARK [1][-]{section.3.3}{Training}{chapter.3}% 29
\BOOKMARK [2][-]{subsection.3.3.1}{Train the person detection network}{section.3.3}% 30
\BOOKMARK [2][-]{subsection.3.3.2}{Train the feature descriptor}{section.3.3}% 31
\BOOKMARK [2][-]{subsection.3.3.3}{Train the Classifier}{section.3.3}% 32
\BOOKMARK [0][-]{chapter.4}{Design}{}% 33
\BOOKMARK [1][-]{section.4.1}{Interaction Classification}{chapter.4}% 34
\BOOKMARK [2][-]{subsection.4.1.1}{Data-flow of the Interaction Classification}{section.4.1}% 35
\BOOKMARK [2][-]{subsection.4.1.2}{Data pre-processing}{section.4.1}% 36
\BOOKMARK [2][-]{subsection.4.1.3}{Feature descriptor}{section.4.1}% 37
\BOOKMARK [2][-]{subsection.4.1.4}{Softmax classifier}{section.4.1}% 38
\BOOKMARK [2][-]{subsection.4.1.5}{Optimizer}{section.4.1}% 39
\BOOKMARK [1][-]{section.4.2}{Interaction detection}{chapter.4}% 40
\BOOKMARK [2][-]{subsection.4.2.1}{Data-flow of interaction detection}{section.4.2}% 41
\BOOKMARK [2][-]{subsection.4.2.2}{Detection of all people}{section.4.2}% 42
\BOOKMARK [2][-]{subsection.4.2.3}{Spatial detection and tracking of interacting people}{section.4.2}% 43
\BOOKMARK [2][-]{subsection.4.2.4}{Generate candidates of interaction video clips}{section.4.2}% 44
\BOOKMARK [2][-]{subsection.4.2.5}{Classification of interaction video clips}{section.4.2}% 45
\BOOKMARK [2][-]{subsection.4.2.6}{Temporal combination}{section.4.2}% 46
\BOOKMARK [0][-]{chapter.5}{Experimental Results}{}% 47
\BOOKMARK [1][-]{section.5.1}{Searching of the optimal parameters}{chapter.5}% 48
\BOOKMARK [2][-]{subsection.5.1.1}{Model}{section.5.1}% 49
\BOOKMARK [2][-]{subsection.5.1.2}{Assumptions and Factors and the default parameter setting}{section.5.1}% 50
\BOOKMARK [2][-]{subsection.5.1.3}{Experiments}{section.5.1}% 51
\BOOKMARK [2][-]{subsection.5.1.4}{Conclusions of parameter searching}{section.5.1}% 52
\BOOKMARK [1][-]{section.5.2}{The experimental results of of the interaction classification}{chapter.5}% 53
\BOOKMARK [2][-]{subsection.5.2.1}{Train the network from scratch}{section.5.2}% 54
\BOOKMARK [1][-]{section.5.3}{The experimental results of of the interaction detection}{chapter.5}% 55
\BOOKMARK [2][-]{subsection.5.3.1}{The results of the interacting people detection}{section.5.3}% 56
\BOOKMARK [2][-]{subsection.5.3.2}{The results of interaction detection}{section.5.3}% 57
\BOOKMARK [1][-]{section.5.4}{Discussion}{chapter.5}% 58
\BOOKMARK [0][-]{chapter.6}{Conclusion}{}% 59
\BOOKMARK [0][-]{appendix.A}{Appendix A}{}% 60
\BOOKMARK [0][-]{section*.62}{Bibliography}{}% 61
